<?xml version="1.0" encoding="UTF-8"?>
<testng-results skipped="0" failed="0" ignored="0" total="1" passed="1">
  <reporter-output>
  </reporter-output>
  <suite name="Default suite" duration-ms="15590" started-at="2021-01-14T15:25:53 SGT" finished-at="2021-01-14T15:26:08 SGT">
    <groups>
    </groups>
    <test name="Default test" duration-ms="15590" started-at="2021-01-14T15:25:53 SGT" finished-at="2021-01-14T15:26:08 SGT">
      <class name="a_Basics.FileUploadDemo">
        <test-method status="PASS" signature="test()[pri:0, instance:a_Basics.FileUploadDemo@1563da5]" name="test" duration-ms="15551" started-at="2021-01-14T15:25:53 SGT" finished-at="2021-01-14T15:26:08 SGT">
          <reporter-output>
          </reporter-output>
        </test-method> <!-- test -->
      </class> <!-- a_Basics.FileUploadDemo -->
    </test> <!-- Default test -->
  </suite> <!-- Default suite -->
</testng-results>
