<?xml version="1.0" encoding="UTF-8"?>
<testng-results ignored="0" total="1" passed="1" failed="0" skipped="0">
  <reporter-output>
  </reporter-output>
  <suite started-at="2020-11-16T23:43:58 MYT" name="Default suite" finished-at="2020-11-16T23:44:18 MYT" duration-ms="19991">
    <groups>
    </groups>
    <test started-at="2020-11-16T23:43:58 MYT" name="Default test" finished-at="2020-11-16T23:44:18 MYT" duration-ms="19991">
      <class name="YoutubeVideoTest">
        <test-method signature="test()[pri:0, instance:YoutubeVideoTest@2f7c2f4f]" started-at="2020-11-16T23:43:58 MYT" name="test" finished-at="2020-11-16T23:44:18 MYT" duration-ms="19965" status="PASS">
          <reporter-output>
          </reporter-output>
        </test-method> <!-- test -->
      </class> <!-- YoutubeVideoTest -->
    </test> <!-- Default test -->
  </suite> <!-- Default suite -->
</testng-results>
